2024-08-29T10:00:59.109Z [undefined] : Oddiy Logger
2024-08-29T10:00:59.117Z [undefined] : Error Logger
2024-08-29T10:00:59.118Z [undefined] : Debug Logger
2024-08-29T10:00:59.119Z [undefined] : Warn Logger
2024-08-29T10:00:59.119Z [undefined] : Info Logger
2024-08-29T10:01:01.864Z [undefined] : Oddiy Logger
2024-08-29T10:01:01.873Z [undefined] : Error Logger
2024-08-29T10:01:01.874Z [undefined] : Debug Logger
2024-08-29T10:01:01.875Z [undefined] : Warn Logger
2024-08-29T10:01:01.875Z [undefined] : Info Logger
2024-08-29T10:03:31.284Z [undefined] : Oddiy Logger
2024-08-29T10:03:31.289Z [undefined] : Error Logger
2024-08-29T10:03:31.290Z [undefined] : Debug Logger
2024-08-29T10:03:31.291Z [undefined] : Warn Logger
2024-08-29T10:03:31.291Z [undefined] : Info Logger
2024-08-29T10:03:34.003Z [undefined] : Oddiy Logger
2024-08-29T10:03:34.012Z [undefined] : Error Logger
2024-08-29T10:03:34.013Z [undefined] : Debug Logger
2024-08-29T10:03:34.013Z [undefined] : Warn Logger
2024-08-29T10:03:34.014Z [undefined] : Info Logger
2024-08-29T10:03:55.767Z [undefined] : Oddiy Logger
2024-08-29T10:03:55.772Z [undefined] : Error Logger
2024-08-29T10:03:55.774Z [undefined] : Debug Logger
2024-08-29T10:03:55.775Z [undefined] : Warn Logger
2024-08-29T10:03:55.776Z [undefined] : Info Logger
2024-08-29T10:03:59.099Z [undefined] : Oddiy Logger
2024-08-29T10:03:59.111Z [undefined] : Error Logger
2024-08-29T10:03:59.112Z [undefined] : Debug Logger
2024-08-29T10:03:59.113Z [undefined] : Warn Logger
2024-08-29T10:03:59.113Z [undefined] : Info Logger
2024-08-29T10:04:11.246Z [undefined] : Oddiy Logger
2024-08-29T10:04:11.255Z [undefined] : Error Logger
2024-08-29T10:04:11.257Z [undefined] : Debug Logger
2024-08-29T10:04:11.259Z [undefined] : Warn Logger
2024-08-29T10:04:11.259Z [undefined] : Info Logger
2024-08-29T10:04:33.716Z [undefined] : Oddiy Logger
2024-08-29T10:04:33.724Z [undefined] : Error Logger
2024-08-29T10:04:33.725Z [undefined] : Debug Logger
2024-08-29T10:04:33.726Z [undefined] : Warn Logger
2024-08-29T10:04:33.726Z [undefined] : Info Logger
2024-08-29T10:05:10.722Z [undefined] : Oddiy Logger
2024-08-29T10:05:10.729Z [undefined] : Error Logger
2024-08-29T10:05:10.731Z [undefined] : Debug Logger
2024-08-29T10:05:10.732Z [undefined] : Warn Logger
2024-08-29T10:05:10.734Z [undefined] : Info Logger
2024-08-29T10:06:05.287Z [undefined] : Oddiy Logger
2024-08-29T10:06:05.296Z [undefined] : Error Logger
2024-08-29T10:06:05.296Z [undefined] : Debug Logger
2024-08-29T10:06:05.297Z [undefined] : Warn Logger
2024-08-29T10:06:05.297Z [undefined] : Info Logger
2024-08-29T10:06:33.712Z [undefined] : Oddiy Logger
2024-08-29T10:06:33.717Z [undefined] : Error Logger
2024-08-29T10:06:33.718Z [undefined] : Debug Logger
2024-08-29T10:06:33.720Z [undefined] : Warn Logger
2024-08-29T10:06:33.722Z [undefined] : Info Logger
2024-08-29T10:10:24.525Z [undefined] : Oddiy Logger
2024-08-29T10:10:24.535Z [undefined] : Error Logger
2024-08-29T10:10:24.536Z [undefined] : Debug Logger
2024-08-29T10:10:24.537Z [undefined] : Warn Logger
2024-08-29T10:10:24.537Z [undefined] : Info Logger
2024-08-29T10:12:04.295Z [undefined] : unhandledRejection: unhandledRejection example
Error: unhandledRejection example
    at res.send.message (C:\Users\Asus\OneDrive\Рабочий стол\medicines\controllers\admin.controller.js:49:14)
    at new Promise (<anonymous>)
    at adminLogin (C:\Users\Asus\OneDrive\Рабочий стол\medicines\controllers\admin.controller.js:48:5)
    at process.processTicksAndRejections (node:internal/process/task_queues:95:5)
2024-08-29T10:15:17.682Z [undefined] : Oddiy Logger
2024-08-29T10:15:17.691Z [undefined] : Error Logger
2024-08-29T10:15:17.692Z [undefined] : Debug Logger
2024-08-29T10:15:17.692Z [undefined] : Warn Logger
2024-08-29T10:15:17.693Z [undefined] : Info Logger
2024-08-29T10:16:31.529Z [undefined] : Oddiy Logger
2024-08-29T10:16:31.534Z [undefined] : Error Logger
2024-08-29T10:16:31.535Z [undefined] : Debug Logger
2024-08-29T10:16:31.536Z [undefined] : Warn Logger
2024-08-29T10:16:31.536Z [undefined] : Info Logger
2024-08-29T10:16:36.279Z [undefined] : Oddiy Logger
2024-08-29T10:16:36.293Z [undefined] : Error Logger
2024-08-29T10:16:36.294Z [undefined] : Debug Logger
2024-08-29T10:16:36.295Z [undefined] : Warn Logger
2024-08-29T10:16:36.295Z [undefined] : Info Logger
2024-08-29T10:16:42.858Z [undefined] : Oddiy Logger
2024-08-29T10:16:42.865Z [undefined] : Error Logger
2024-08-29T10:16:42.867Z [undefined] : Debug Logger
2024-08-29T10:16:42.867Z [undefined] : Warn Logger
2024-08-29T10:16:42.868Z [undefined] : Info Logger
2024-08-29T10:16:50.791Z [undefined] : Oddiy Logger
2024-08-29T10:16:50.797Z [undefined] : Error Logger
2024-08-29T10:16:50.797Z [undefined] : Debug Logger
2024-08-29T10:16:50.798Z [undefined] : Warn Logger
2024-08-29T10:16:50.798Z [undefined] : Info Logger
2024-08-29T10:16:58.115Z [undefined] : Oddiy Logger
2024-08-29T10:16:58.124Z [undefined] : Error Logger
2024-08-29T10:16:58.125Z [undefined] : Debug Logger
2024-08-29T10:16:58.125Z [undefined] : Warn Logger
2024-08-29T10:16:58.126Z [undefined] : Info Logger
2024-08-29T10:17:04.251Z [undefined] : Oddiy Logger
2024-08-29T10:17:04.259Z [undefined] : Error Logger
2024-08-29T10:17:04.260Z [undefined] : Debug Logger
2024-08-29T10:17:04.261Z [undefined] : Warn Logger
2024-08-29T10:17:04.261Z [undefined] : Info Logger
2024-08-29T10:17:12.477Z [undefined] : Oddiy Logger
2024-08-29T10:17:12.484Z [undefined] : Error Logger
2024-08-29T10:17:12.485Z [undefined] : Debug Logger
2024-08-29T10:17:12.485Z [undefined] : Warn Logger
2024-08-29T10:17:12.486Z [undefined] : Info Logger
2024-08-29T10:17:22.792Z [undefined] : Oddiy Logger
2024-08-29T10:17:22.800Z [undefined] : Error Logger
2024-08-29T10:17:22.805Z [undefined] : Debug Logger
2024-08-29T10:17:22.806Z [undefined] : Warn Logger
2024-08-29T10:17:22.806Z [undefined] : Info Logger
2024-08-29T10:17:56.033Z [undefined] : Oddiy Logger
2024-08-29T10:17:56.040Z [undefined] : Error Logger
2024-08-29T10:17:56.041Z [undefined] : Debug Logger
2024-08-29T10:17:56.041Z [undefined] : Warn Logger
2024-08-29T10:17:56.041Z [undefined] : Info Logger
2024-08-29T10:18:00.509Z [undefined] : Oddiy Logger
2024-08-29T10:18:00.519Z [undefined] : Error Logger
2024-08-29T10:18:00.521Z [undefined] : Debug Logger
2024-08-29T10:18:00.521Z [undefined] : Warn Logger
2024-08-29T10:18:00.522Z [undefined] : Info Logger
2024-08-29T10:18:37.400Z [undefined] : unhandledRejection: unhandledRejection example
Error: unhandledRejection example
    at res.send.message (C:\Users\Asus\OneDrive\Рабочий стол\medicines\controllers\admin.controller.js:49:14)
    at new Promise (<anonymous>)
    at adminLogin (C:\Users\Asus\OneDrive\Рабочий стол\medicines\controllers\admin.controller.js:48:5)
    at process.processTicksAndRejections (node:internal/process/task_queues:95:5)
2024-08-29T10:19:06.140Z [undefined] : Oddiy Logger
2024-08-29T10:19:06.149Z [undefined] : Error Logger
2024-08-29T10:19:06.150Z [undefined] : Debug Logger
2024-08-29T10:19:06.151Z [undefined] : Warn Logger
2024-08-29T10:19:06.151Z [undefined] : Info Logger
2024-08-29T10:22:57.173Z [undefined] : Oddiy Logger
2024-08-29T10:22:57.183Z [undefined] : Error Logger
2024-08-29T10:22:57.183Z [undefined] : Debug Logger
2024-08-29T10:22:57.184Z [undefined] : Warn Logger
2024-08-29T10:22:57.184Z [undefined] : Info Logger
2024-08-29T10:24:55.332Z [undefined] : unhandledRejection: unhandledRejection example
Error: unhandledRejection example
    at res.send.message (C:\Users\Asus\OneDrive\Рабочий стол\medicines\controllers\admin.controller.js:49:14)
    at new Promise (<anonymous>)
    at adminLogin (C:\Users\Asus\OneDrive\Рабочий стол\medicines\controllers\admin.controller.js:48:5)
    at process.processTicksAndRejections (node:internal/process/task_queues:95:5)
2024-08-29T10:27:26.636Z [undefined] : Oddiy Logger
2024-08-29T10:27:26.649Z [undefined] : Error Logger
2024-08-29T10:27:26.650Z [undefined] : Debug Logger
2024-08-29T10:27:26.650Z [undefined] : Warn Logger
2024-08-29T10:27:26.651Z [undefined] : Info Logger
2024-08-29T10:30:18.377Z [undefined] : Oddiy Logger
2024-08-29T10:30:18.387Z [undefined] : Error Logger
2024-08-29T10:30:18.388Z [undefined] : Debug Logger
2024-08-29T10:30:18.389Z [undefined] : Warn Logger
2024-08-29T10:30:18.389Z [undefined] : Info Logger
2024-08-29T10:30:24.550Z [undefined] : Oddiy Logger
2024-08-29T10:30:24.557Z [undefined] : Error Logger
2024-08-29T10:30:24.557Z [undefined] : Debug Logger
2024-08-29T10:30:24.557Z [undefined] : Warn Logger
2024-08-29T10:30:24.558Z [undefined] : Info Logger
2024-08-29T10:31:28.324Z [undefined] : unhandledRejection: unhandledRejection example
Error: unhandledRejection example
    at res.send.message (C:\Users\Asus\OneDrive\Рабочий стол\medicines\controllers\admin.controller.js:49:14)
    at new Promise (<anonymous>)
    at adminLogin (C:\Users\Asus\OneDrive\Рабочий стол\medicines\controllers\admin.controller.js:48:5)
    at process.processTicksAndRejections (node:internal/process/task_queues:95:5)
2024-08-29T10:42:29.809Z [undefined] : Oddiy Logger
2024-08-29T10:42:29.814Z [undefined] : Error Logger
2024-08-29T10:42:29.815Z [undefined] : Debug Logger
2024-08-29T10:42:29.815Z [undefined] : Warn Logger
2024-08-29T10:42:29.815Z [undefined] : Info Logger
2024-08-29T10:44:29.878Z [undefined] : Oddiy Logger
2024-08-29T10:44:29.886Z [undefined] : Error Logger
2024-08-29T10:44:29.888Z [undefined] : Debug Logger
2024-08-29T10:44:29.889Z [undefined] : Warn Logger
2024-08-29T10:44:29.889Z [undefined] : Info Logger
2024-08-29T10:44:53.509Z [undefined] : Oddiy Logger
2024-08-29T10:44:53.523Z [undefined] : Error Logger
2024-08-29T10:44:53.524Z [undefined] : Debug Logger
2024-08-29T10:44:53.524Z [undefined] : Warn Logger
2024-08-29T10:44:53.525Z [undefined] : Info Logger
2024-08-29T10:53:22.293Z [undefined] : Oddiy Logger
2024-08-29T10:53:22.306Z [undefined] : Error Logger
2024-08-29T10:53:22.308Z [undefined] : Debug Logger
2024-08-29T10:53:22.309Z [undefined] : Warn Logger
2024-08-29T10:53:22.309Z [undefined] : Info Logger
2024-08-29T10:55:50.720Z [undefined] : Oddiy Logger
2024-08-29T10:55:50.728Z [undefined] : Error Logger
2024-08-29T10:55:50.729Z [undefined] : Debug Logger
2024-08-29T10:55:50.729Z [undefined] : Warn Logger
2024-08-29T10:55:50.730Z [undefined] : Info Logger
2024-08-29T10:55:56.520Z [undefined] : Oddiy Logger
2024-08-29T10:55:56.535Z [undefined] : Error Logger
2024-08-29T10:55:56.537Z [undefined] : Debug Logger
2024-08-29T10:55:56.538Z [undefined] : Warn Logger
2024-08-29T10:55:56.538Z [undefined] : Info Logger
2024-08-29T10:56:27.431Z [undefined] : Oddiy Logger
2024-08-29T10:56:27.438Z [undefined] : Error Logger
2024-08-29T10:56:27.439Z [undefined] : Debug Logger
2024-08-29T10:56:27.439Z [undefined] : Warn Logger
2024-08-29T10:56:27.439Z [undefined] : Info Logger
2024-08-29T10:56:58.116Z [undefined] : Oddiy Logger
2024-08-29T10:56:58.127Z [undefined] : Error Logger
2024-08-29T10:56:58.128Z [undefined] : Debug Logger
2024-08-29T10:56:58.128Z [undefined] : Warn Logger
2024-08-29T10:56:58.128Z [undefined] : Info Logger
2024-08-29T10:57:03.157Z [undefined] : Oddiy Logger
2024-08-29T10:57:03.167Z [undefined] : Error Logger
2024-08-29T10:57:03.168Z [undefined] : Debug Logger
2024-08-29T10:57:03.169Z [undefined] : Warn Logger
2024-08-29T10:57:03.170Z [undefined] : Info Logger
2024-08-29T10:57:08.256Z [undefined] : Oddiy Logger
2024-08-29T10:57:08.263Z [undefined] : Error Logger
2024-08-29T10:57:08.263Z [undefined] : Debug Logger
2024-08-29T10:57:08.264Z [undefined] : Warn Logger
2024-08-29T10:57:08.264Z [undefined] : Info Logger
2024-08-29T10:57:35.365Z [undefined] : Oddiy Logger
2024-08-29T10:57:35.376Z [undefined] : Error Logger
2024-08-29T10:57:35.377Z [undefined] : Debug Logger
2024-08-29T10:57:35.378Z [undefined] : Warn Logger
2024-08-29T10:57:35.379Z [undefined] : Info Logger
2024-08-29T10:57:42.321Z [undefined] : Oddiy Logger
2024-08-29T10:57:42.328Z [undefined] : Error Logger
2024-08-29T10:57:42.329Z [undefined] : Debug Logger
2024-08-29T10:57:42.329Z [undefined] : Warn Logger
2024-08-29T10:57:42.330Z [undefined] : Info Logger
2024-08-29T10:57:48.585Z [undefined] : Oddiy Logger
2024-08-29T10:57:48.595Z [undefined] : Error Logger
2024-08-29T10:57:48.596Z [undefined] : Debug Logger
2024-08-29T10:57:48.598Z [undefined] : Warn Logger
2024-08-29T10:57:48.599Z [undefined] : Info Logger
2024-08-29T10:57:51.773Z [undefined] : Oddiy Logger
2024-08-29T10:57:51.780Z [undefined] : Error Logger
2024-08-29T10:57:51.782Z [undefined] : Debug Logger
2024-08-29T10:57:51.783Z [undefined] : Warn Logger
2024-08-29T10:57:51.784Z [undefined] : Info Logger
2024-08-29T10:57:56.480Z [undefined] : Oddiy Logger
2024-08-29T10:57:56.494Z [undefined] : Error Logger
2024-08-29T10:57:56.495Z [undefined] : Debug Logger
2024-08-29T10:57:56.496Z [undefined] : Warn Logger
2024-08-29T10:57:56.500Z [undefined] : Info Logger
2024-08-29T10:58:01.589Z [undefined] : Oddiy Logger
2024-08-29T10:58:01.599Z [undefined] : Error Logger
2024-08-29T10:58:01.600Z [undefined] : Debug Logger
2024-08-29T10:58:01.601Z [undefined] : Warn Logger
2024-08-29T10:58:01.601Z [undefined] : Info Logger
2024-08-29T10:58:05.357Z [undefined] : Oddiy Logger
2024-08-29T10:58:05.366Z [undefined] : Error Logger
2024-08-29T10:58:05.367Z [undefined] : Debug Logger
2024-08-29T10:58:05.368Z [undefined] : Warn Logger
2024-08-29T10:58:05.369Z [undefined] : Info Logger
2024-08-29T10:58:08.486Z [undefined] : Oddiy Logger
2024-08-29T10:58:08.492Z [undefined] : Error Logger
2024-08-29T10:58:08.494Z [undefined] : Debug Logger
2024-08-29T10:58:08.497Z [undefined] : Warn Logger
2024-08-29T10:58:08.498Z [undefined] : Info Logger
2024-08-29T10:58:30.982Z [undefined] : Oddiy Logger
2024-08-29T10:58:30.992Z [undefined] : Error Logger
2024-08-29T10:58:30.994Z [undefined] : Debug Logger
2024-08-29T10:58:30.995Z [undefined] : Warn Logger
2024-08-29T10:58:30.996Z [undefined] : Info Logger
2024-08-29T10:58:42.918Z [undefined] : Oddiy Logger
2024-08-29T10:58:42.931Z [undefined] : Error Logger
2024-08-29T10:58:42.932Z [undefined] : Debug Logger
2024-08-29T10:58:42.932Z [undefined] : Warn Logger
2024-08-29T10:58:42.933Z [undefined] : Info Logger
2024-08-29T10:58:55.869Z [undefined] : Oddiy Logger
2024-08-29T10:58:55.881Z [undefined] : Error Logger
2024-08-29T10:58:55.882Z [undefined] : Debug Logger
2024-08-29T10:58:55.882Z [undefined] : Warn Logger
2024-08-29T10:58:55.883Z [undefined] : Info Logger
2024-08-29T10:59:27.108Z [undefined] : Oddiy Logger
2024-08-29T10:59:27.115Z [undefined] : Error Logger
2024-08-29T10:59:27.115Z [undefined] : Debug Logger
2024-08-29T10:59:27.116Z [undefined] : Warn Logger
2024-08-29T10:59:27.116Z [undefined] : Info Logger
2024-08-29T10:59:49.798Z [undefined] : Oddiy Logger
2024-08-29T10:59:49.811Z [undefined] : Error Logger
2024-08-29T10:59:49.813Z [undefined] : Debug Logger
2024-08-29T10:59:49.813Z [undefined] : Warn Logger
2024-08-29T10:59:49.814Z [undefined] : Info Logger
2024-08-29T11:03:44.640Z [undefined] : Oddiy Logger
2024-08-29T11:03:44.647Z [undefined] : Error Logger
2024-08-29T11:03:44.648Z [undefined] : Debug Logger
2024-08-29T11:03:44.649Z [undefined] : Warn Logger
2024-08-29T11:03:44.649Z [undefined] : Info Logger
2024-08-29T11:03:48.253Z [undefined] : Oddiy Logger
2024-08-29T11:03:48.261Z [undefined] : Error Logger
2024-08-29T11:03:48.262Z [undefined] : Debug Logger
2024-08-29T11:03:48.262Z [undefined] : Warn Logger
2024-08-29T11:03:48.262Z [undefined] : Info Logger
2024-08-29T11:04:38.392Z [undefined] : Oddiy Logger
2024-08-29T11:04:42.469Z [undefined] : Oddiy Logger
2024-08-29T11:04:42.479Z [undefined] : Error Logger
2024-08-29T11:04:42.480Z [undefined] : Debug Logger
2024-08-29T11:04:42.481Z [undefined] : Warn Logger
2024-08-29T11:04:42.482Z [undefined] : Info Logger
2024-08-29T11:05:10.296Z [undefined] : Oddiy Logger
2024-08-29T11:05:10.305Z [undefined] : Error Logger
2024-08-29T11:05:10.308Z [undefined] : Debug Logger
2024-08-29T11:05:10.310Z [undefined] : Warn Logger
2024-08-29T11:05:10.311Z [undefined] : Info Logger
2024-08-29T11:05:29.183Z [undefined] : Oddiy Logger
2024-08-29T11:05:29.193Z [undefined] : Error Logger
2024-08-29T11:05:29.194Z [undefined] : Debug Logger
2024-08-29T11:05:29.195Z [undefined] : Warn Logger
2024-08-29T11:05:29.195Z [undefined] : Info Logger
2024-08-29T11:05:57.512Z [undefined] : Oddiy Logger
2024-08-29T11:05:57.525Z [undefined] : Error Logger
2024-08-29T11:05:57.526Z [undefined] : Debug Logger
2024-08-29T11:05:57.527Z [undefined] : Warn Logger
2024-08-29T11:05:57.527Z [undefined] : Info Logger
2024-08-29T11:06:11.920Z [undefined] : Oddiy Logger
2024-08-29T11:06:11.930Z [undefined] : Error Logger
2024-08-29T11:06:11.935Z [undefined] : Debug Logger
2024-08-29T11:06:11.936Z [undefined] : Warn Logger
2024-08-29T11:06:11.937Z [undefined] : Info Logger
2024-08-29T11:06:16.175Z [undefined] : Oddiy Logger
2024-08-29T11:06:16.186Z [undefined] : Error Logger
2024-08-29T11:06:16.188Z [undefined] : Debug Logger
2024-08-29T11:06:16.188Z [undefined] : Warn Logger
2024-08-29T11:06:16.189Z [undefined] : Info Logger
2024-08-29T11:08:32.843Z [undefined] : Oddiy Logger
2024-08-29T11:08:32.856Z [undefined] : Error Logger
2024-08-29T11:08:32.857Z [undefined] : Debug Logger
2024-08-29T11:08:32.858Z [undefined] : Warn Logger
2024-08-29T11:08:32.859Z [undefined] : Info Logger
2024-08-29T11:10:50.615Z [undefined] : Oddiy Logger
2024-08-29T11:10:50.625Z [undefined] : Error Logger
2024-08-29T11:10:50.626Z [undefined] : Debug Logger
2024-08-29T11:10:50.627Z [undefined] : Warn Logger
2024-08-29T11:10:50.628Z [undefined] : Info Logger
2024-08-29T11:11:03.268Z [undefined] : Oddiy Logger
2024-08-29T11:11:03.275Z [undefined] : Error Logger
2024-08-29T11:11:03.276Z [undefined] : Debug Logger
2024-08-29T11:11:03.277Z [undefined] : Warn Logger
2024-08-29T11:11:03.278Z [undefined] : Info Logger
2024-08-29T11:13:08.918Z [undefined] : unhandledRejection: unhandledRejection example
Error: unhandledRejection example
    at res.send.message (C:\Users\Asus\OneDrive\Рабочий стол\medicines\controllers\doctor.controller.js:49:14)
    at new Promise (<anonymous>)
    at doctorLogin (C:\Users\Asus\OneDrive\Рабочий стол\medicines\controllers\doctor.controller.js:48:5)
    at process.processTicksAndRejections (node:internal/process/task_queues:95:5)
2024-08-29T11:15:22.502Z [undefined] : Oddiy Logger
2024-08-29T11:15:22.532Z [undefined] : Error Logger
2024-08-29T11:15:22.568Z [undefined] : Debug Logger
2024-08-29T11:15:22.676Z [undefined] : Warn Logger
2024-08-29T11:15:22.715Z [undefined] : Info Logger
